#-----------------------------------------------------------
# Vivado v2020.2 (64-bit)
# SW Build 3064766 on Wed Nov 18 09:12:45 MST 2020
# IP Build 3064653 on Wed Nov 18 14:17:31 MST 2020
# Start of session at: Mon Apr 10 21:29:44 2023
# Process ID: 28688
# Current directory: E:/desk/code/verilog/lab1
# Command line: vivado.exe -gui_launcher_event rodinguilauncherevent8708 E:\desk\code\verilog\lab1\lab1.xpr
# Log file: E:/desk/code/verilog/lab1/vivado.log
# Journal file: E:/desk/code/verilog/lab1\vivado.jou
#-----------------------------------------------------------
start_gui
open_project E:/desk/code/verilog/lab1/lab1.xpr
WARNING: [filemgmt 56-3] Default IP Output Path : Could not find the directory 'E:/desk/code/verilog/lab1/lab1.gen/sources_1'.
Scanning sources...
Finished scanning sources
INFO: [IP_Flow 19-234] Refreshing IP repositories
INFO: [IP_Flow 19-1704] No user IP repositories specified
INFO: [IP_Flow 19-2313] Loaded Vivado IP repository 'E:/items/xilinx/Vivado/2020.2/data/ip'.
update_compile_order -fileset sources_1
exit
INFO: [Common 17-206] Exiting Vivado at Mon Apr 10 23:39:10 2023...
