#-----------------------------------------------------------
# Vivado v2020.2 (64-bit)
# SW Build 3064766 on Wed Nov 18 09:12:45 MST 2020
# IP Build 3064653 on Wed Nov 18 14:17:31 MST 2020
# Start of session at: Sun May 21 22:14:20 2023
# Process ID: 32660
# Current directory: E:/desk/code/verilog/lab4
# Command line: vivado.exe -gui_launcher_event rodinguilauncherevent29988 E:\desk\code\verilog\lab4\lab4.xpr
# Log file: E:/desk/code/verilog/lab4/vivado.log
# Journal file: E:/desk/code/verilog/lab4\vivado.jou
#-----------------------------------------------------------
start_gui
open_project E:/desk/code/verilog/lab4/lab4.xpr
Scanning sources...
Finished scanning sources
INFO: [IP_Flow 19-234] Refreshing IP repositories
INFO: [IP_Flow 19-1704] No user IP repositories specified
INFO: [IP_Flow 19-2313] Loaded Vivado IP repository 'E:/items/xilinx/Vivado/2020.2/data/ip'.
open_project: Time (s): cpu = 00:00:12 ; elapsed = 00:00:06 . Memory (MB): peak = 1022.348 ; gain = 98.410
update_compile_order -fileset sources_1
file mkdir E:/desk/code/verilog/lab4/lab4.srcs/sources_1/new
close [ open E:/desk/code/verilog/lab4/lab4.srcs/sources_1/new/sys_clk_counter.v w ]
add_files E:/desk/code/verilog/lab4/lab4.srcs/sources_1/new/sys_clk_counter.v
update_compile_order -fileset sources_1
update_compile_order -fileset sources_1
exit
INFO: [Common 17-206] Exiting Vivado at Wed May 24 10:19:05 2023...
