#-----------------------------------------------------------
# Vivado v2020.2 (64-bit)
# SW Build 3064766 on Wed Nov 18 09:12:45 MST 2020
# IP Build 3064653 on Wed Nov 18 14:17:31 MST 2020
# Start of session at: Tue Apr 11 13:44:44 2023
# Process ID: 2520
# Current directory: C:/Users/lenovo/Desktop/project/lab2
# Command line: vivado.exe -gui_launcher_event rodinguilauncherevent10744 C:\Users\lenovo\Desktop\project\lab2\project_2.xpr
# Log file: C:/Users/lenovo/Desktop/project/lab2/vivado.log
# Journal file: C:/Users/lenovo/Desktop/project/lab2\vivado.jou
#-----------------------------------------------------------
start_gui
open_project C:/Users/lenovo/Desktop/project/lab2/project_2.xpr
Scanning sources...
Finished scanning sources
INFO: [IP_Flow 19-234] Refreshing IP repositories
INFO: [IP_Flow 19-1704] No user IP repositories specified
INFO: [IP_Flow 19-2313] Loaded Vivado IP repository 'E:/Xilinx_Vivado_SDK_2017.3_1005_1/Vivado/2020.2/data/ip'.
update_compile_order -fileset sources_1
WARNING: [IP_Flow 19-4067] Ignoring invalid widget type specified checkbox.Providing a default widget
WARNING: [IP_Flow 19-4067] Ignoring invalid widget type specified checkbox.Providing a default widget
INFO: [IP_Flow 19-3484] Absolute path of file 'c:/Users/lenovo/Desktop/project/lab2/sc_irom.coe' provided. It will be converted relative to IP Instance files '../../../../sc_irom.coe'
INFO: [IP_Flow 19-3484] Absolute path of file 'c:/Users/lenovo/Desktop/project/lab2/sc_irom.coe' provided. It will be converted relative to IP Instance files '../../../../sc_irom.coe'
INFO: [IP_Flow 19-3484] Absolute path of file 'c:/Users/lenovo/Desktop/project/lab2/sc_irom.coe' provided. It will be converted relative to IP Instance files '../../../../sc_irom.coe'
INFO: [IP_Flow 19-3484] Absolute path of file 'c:/Users/lenovo/Desktop/project/lab2/sc_irom.coe' provided. It will be converted relative to IP Instance files '../../../../sc_irom.coe'
INFO: [IP_Flow 19-3484] Absolute path of file 'c:/Users/lenovo/Desktop/computer composition project/lab1/irom.coe' provided. It will be converted relative to IP Instance files '../../../../../../computer composition project/lab1/irom.coe'
INFO: [IP_Flow 19-3484] Absolute path of file 'c:/Users/lenovo/Desktop/computer composition project/lab1/irom.coe' provided. It will be converted relative to IP Instance files '../../../../../../computer composition project/lab1/irom.coe'
INFO: [IP_Flow 19-3484] Absolute path of file 'c:/Users/lenovo/Desktop/project/lab2/sc_irom.coe' provided. It will be converted relative to IP Instance files '../../../../sc_irom.coe'
INFO: [IP_Flow 19-3484] Absolute path of file 'c:/Users/lenovo/Desktop/project/lab2/irom.coe' provided. It will be converted relative to IP Instance files '../../../../irom.coe'
set_property -dict [list CONFIG.Memory_Type {Single_Port_ROM} CONFIG.Write_Depth_A {64} CONFIG.Enable_A {Always_Enabled} CONFIG.Register_PortA_Output_of_Memory_Primitives {false} CONFIG.Coe_File {C:/Users/lenovo/Desktop/project/lab2/irom.coe} CONFIG.Fill_Remaining_Memory_Locations {true} CONFIG.Port_A_Write_Rate {0}] [get_ips blk_mem_gen_0]
INFO: [IP_Flow 19-3484] Absolute path of file 'c:/Users/lenovo/Desktop/project/lab2/irom.coe' provided. It will be converted relative to IP Instance files '../../../../irom.coe'
generate_target all [get_files  C:/Users/lenovo/Desktop/project/lab2/project_2.srcs/sources_1/ip/blk_mem_gen_0/blk_mem_gen_0.xci]
INFO: [IP_Flow 19-1686] Generating 'Instantiation Template' target for IP 'blk_mem_gen_0'...
INFO: [IP_Flow 19-1686] Generating 'Synthesis' target for IP 'blk_mem_gen_0'...
INFO: [IP_Flow 19-1686] Generating 'Simulation' target for IP 'blk_mem_gen_0'...
INFO: [IP_Flow 19-1686] Generating 'Miscellaneous' target for IP 'blk_mem_gen_0'...
INFO: [IP_Flow 19-1686] Generating 'Change Log' target for IP 'blk_mem_gen_0'...
catch { config_ip_cache -export [get_ips -all blk_mem_gen_0] }
export_ip_user_files -of_objects [get_files C:/Users/lenovo/Desktop/project/lab2/project_2.srcs/sources_1/ip/blk_mem_gen_0/blk_mem_gen_0.xci] -no_script -sync -force -quiet
reset_run blk_mem_gen_0_synth_1
launch_runs blk_mem_gen_0_synth_1 -jobs 8
[Tue Apr 11 16:22:57 2023] Launched blk_mem_gen_0_synth_1...
Run output will be captured here: C:/Users/lenovo/Desktop/project/lab2/project_2.runs/blk_mem_gen_0_synth_1/runme.log
export_simulation -of_objects [get_files C:/Users/lenovo/Desktop/project/lab2/project_2.srcs/sources_1/ip/blk_mem_gen_0/blk_mem_gen_0.xci] -directory C:/Users/lenovo/Desktop/project/lab2/project_2.ip_user_files/sim_scripts -ip_user_files_dir C:/Users/lenovo/Desktop/project/lab2/project_2.ip_user_files -ipstatic_source_dir C:/Users/lenovo/Desktop/project/lab2/project_2.ip_user_files/ipstatic -lib_map_path [list {modelsim=C:/Users/lenovo/Desktop/project/lab2/project_2.cache/compile_simlib/modelsim} {questa=C:/Users/lenovo/Desktop/project/lab2/project_2.cache/compile_simlib/questa} {riviera=C:/Users/lenovo/Desktop/project/lab2/project_2.cache/compile_simlib/riviera} {activehdl=C:/Users/lenovo/Desktop/project/lab2/project_2.cache/compile_simlib/activehdl}] -use_ip_compiled_libs -force -quiet
export_ip_user_files -of_objects  [get_files C:/Users/lenovo/Desktop/project/lab2/project_2.srcs/sources_1/new/immext.v] -no_script -reset -force -quiet
remove_files  C:/Users/lenovo/Desktop/project/lab2/project_2.srcs/sources_1/new/immext.v
file delete -force C:/Users/lenovo/Desktop/project/lab2/project_2.srcs/sources_1/new/immext.v
reset_run synth_1
launch_runs impl_1 -jobs 8
[Tue Apr 11 17:14:06 2023] Launched synth_1...
Run output will be captured here: C:/Users/lenovo/Desktop/project/lab2/project_2.runs/synth_1/runme.log
[Tue Apr 11 17:14:06 2023] Launched impl_1...
Run output will be captured here: C:/Users/lenovo/Desktop/project/lab2/project_2.runs/impl_1/runme.log
export_ip_user_files -of_objects  [get_files {{C:/Users/lenovo/Desktop/computer composition project/lab1/irom.coe}}] -no_script -reset -force -quiet
remove_files  {{C:/Users/lenovo/Desktop/computer composition project/lab1/irom.coe}}
WARNING: [IP_Flow 19-4067] Ignoring invalid widget type specified checkbox.Providing a default widget
WARNING: [IP_Flow 19-4067] Ignoring invalid widget type specified checkbox.Providing a default widget
set_property -dict [list CONFIG.Enable_A {Use_ENA_Pin}] [get_ips blk_mem_gen_0]
generate_target all [get_files  C:/Users/lenovo/Desktop/project/lab2/project_2.srcs/sources_1/ip/blk_mem_gen_0/blk_mem_gen_0.xci]
INFO: [IP_Flow 19-1686] Generating 'Instantiation Template' target for IP 'blk_mem_gen_0'...
INFO: [IP_Flow 19-1686] Generating 'Synthesis' target for IP 'blk_mem_gen_0'...
INFO: [IP_Flow 19-1686] Generating 'Simulation' target for IP 'blk_mem_gen_0'...
INFO: [IP_Flow 19-1686] Generating 'Miscellaneous' target for IP 'blk_mem_gen_0'...
INFO: [IP_Flow 19-1686] Generating 'Change Log' target for IP 'blk_mem_gen_0'...
catch { config_ip_cache -export [get_ips -all blk_mem_gen_0] }
export_ip_user_files -of_objects [get_files C:/Users/lenovo/Desktop/project/lab2/project_2.srcs/sources_1/ip/blk_mem_gen_0/blk_mem_gen_0.xci] -no_script -sync -force -quiet
reset_run blk_mem_gen_0_synth_1
launch_runs blk_mem_gen_0_synth_1 -jobs 8
[Tue Apr 11 17:17:47 2023] Launched blk_mem_gen_0_synth_1...
Run output will be captured here: C:/Users/lenovo/Desktop/project/lab2/project_2.runs/blk_mem_gen_0_synth_1/runme.log
export_simulation -of_objects [get_files C:/Users/lenovo/Desktop/project/lab2/project_2.srcs/sources_1/ip/blk_mem_gen_0/blk_mem_gen_0.xci] -directory C:/Users/lenovo/Desktop/project/lab2/project_2.ip_user_files/sim_scripts -ip_user_files_dir C:/Users/lenovo/Desktop/project/lab2/project_2.ip_user_files -ipstatic_source_dir C:/Users/lenovo/Desktop/project/lab2/project_2.ip_user_files/ipstatic -lib_map_path [list {modelsim=C:/Users/lenovo/Desktop/project/lab2/project_2.cache/compile_simlib/modelsim} {questa=C:/Users/lenovo/Desktop/project/lab2/project_2.cache/compile_simlib/questa} {riviera=C:/Users/lenovo/Desktop/project/lab2/project_2.cache/compile_simlib/riviera} {activehdl=C:/Users/lenovo/Desktop/project/lab2/project_2.cache/compile_simlib/activehdl}] -use_ip_compiled_libs -force -quiet
exit
INFO: [Common 17-206] Exiting Vivado at Tue Apr 11 17:21:13 2023...
