#-----------------------------------------------------------
# Vivado v2020.2 (64-bit)
# SW Build 3064766 on Wed Nov 18 09:12:45 MST 2020
# IP Build 3064653 on Wed Nov 18 14:17:31 MST 2020
# Start of session at: Fri May 12 22:57:39 2023
# Process ID: 25300
# Current directory: E:/desk/code/verilog/lab3
# Command line: vivado.exe -gui_launcher_event rodinguilauncherevent9956 E:\desk\code\verilog\lab3\lab3.xpr
# Log file: E:/desk/code/verilog/lab3/vivado.log
# Journal file: E:/desk/code/verilog/lab3\vivado.jou
#-----------------------------------------------------------
start_gui
open_project E:/desk/code/verilog/lab3/lab3.xpr
Scanning sources...
Finished scanning sources
INFO: [IP_Flow 19-234] Refreshing IP repositories
INFO: [IP_Flow 19-1704] No user IP repositories specified
INFO: [IP_Flow 19-2313] Loaded Vivado IP repository 'E:/items/xilinx/Vivado/2020.2/data/ip'.
open_project: Time (s): cpu = 00:00:11 ; elapsed = 00:00:05 . Memory (MB): peak = 1107.402 ; gain = 0.000
update_compile_order -fileset sources_1
exit
INFO: [Common 17-206] Exiting Vivado at Sat May 13 00:21:58 2023...
